# JRE version: OpenJDK Runtime Environment Corretto-11.0.13.8.1 (11.0.13+8) (build 11.0.13+8-LTS)
# Java VM: OpenJDK 64-Bit Server VM Corretto-11.0.13.8.1 (11.0.13+8-LTS, mixed mode, tiered, compressed oops, g1 gc, linux-amd64)
Heap:
 garbage-first heap   total 262144K, used 178018K [0x00000000e0000000, 0x0000000100000000)
  region size 1024K, 16 young (16384K), 3 survivors (3072K)
 Metaspace       used 88504K, capacity 91526K, committed 91824K, reserved 333824K
  class space    used 11111K, capacity 12187K, committed 12288K, reserved 253952K
GC Heap History (20 events):
Event: 6,438 GC heap before
{Heap before GC invocations=12 (full 0):
 garbage-first heap   total 262144K, used 212385K [0x00000000e0000000, 0x0000000100000000)
  region size 1024K, 92 young (94208K), 5 survivors (5120K)
 Metaspace       used 68183K, capacity 70514K, committed 70832K, reserved 315392K
  class space    used 8743K, capacity 9603K, committed 9728K, reserved 253952K
}
Event: 6,444 GC heap after
{Heap after GC invocations=13 (full 0):
 garbage-first heap   total 262144K, used 125044K [0x00000000e0000000, 0x0000000100000000)
  region size 1024K, 7 young (7168K), 7 survivors (7168K)
 Metaspace       used 68183K, capacity 70514K, committed 70832K, reserved 315392K
  class space    used 8743K, capacity 9603K, committed 9728K, reserved 253952K
}
Event: 6,894 GC heap before
{Heap before GC invocations=14 (full 0):
 garbage-first heap   total 262144K, used 215156K [0x00000000e0000000, 0x0000000100000000)
  region size 1024K, 95 young (97280K), 7 survivors (7168K)
 Metaspace       used 70596K, capacity 72689K, committed 73008K, reserved 317440K
  class space    used 9033K, capacity 9764K, committed 9856K, reserved 253952K
}
Event: 6,903 GC heap after
{Heap after GC invocations=15 (full 0):
 garbage-first heap   total 262144K, used 129861K [0x00000000e0000000, 0x0000000100000000)
  region size 1024K, 11 young (11264K), 11 survivors (11264K)
 Metaspace       used 70596K, capacity 72689K, committed 73008K, reserved 317440K
  class space    used 9033K, capacity 9764K, committed 9856K, reserved 253952K
}
Event: 7,044 GC heap before
{Heap before GC invocations=15 (full 0):
 garbage-first heap   total 262144K, used 171845K [0x00000000e0000000, 0x0000000100000000)
  region size 1024K, 54 young (55296K), 11 survivors (11264K)
 Metaspace       used 72787K, capacity 74961K, committed 75056K, reserved 319488K
  class space    used 9291K, capacity 10108K, committed 10112K, reserved 253952K
}
Event: 7,051 GC heap after
{Heap after GC invocations=16 (full 0):
 garbage-first heap   total 262144K, used 131212K [0x00000000e0000000, 0x0000000100000000)
  region size 1024K, 7 young (7168K), 7 survivors (7168K)
 Metaspace       used 72787K, capacity 74961K, committed 75056K, reserved 319488K
  class space    used 9291K, capacity 10108K, committed 10112K, reserved 253952K
}
Event: 235,026 GC heap before
{Heap before GC invocations=17 (full 0):
 garbage-first heap   total 262144K, used 211084K [0x00000000e0000000, 0x0000000100000000)
  region size 1024K, 85 young (87040K), 7 survivors (7168K)
 Metaspace       used 75661K, capacity 78007K, committed 78256K, reserved 323584K
  class space    used 9554K, capacity 10402K, committed 10496K, reserved 253952K
}
Event: 235,035 GC heap after
{Heap after GC invocations=18 (full 0):
 garbage-first heap   total 262144K, used 136413K [0x00000000e0000000, 0x0000000100000000)
  region size 1024K, 7 young (7168K), 7 survivors (7168K)
 Metaspace       used 75661K, capacity 78007K, committed 78256K, reserved 323584K
  class space    used 9554K, capacity 10402K, committed 10496K, reserved 253952K
}
Event: 235,284 GC heap before
{Heap before GC invocations=18 (full 0):
 garbage-first heap   total 262144K, used 212189K [0x00000000e0000000, 0x0000000100000000)
  region size 1024K, 82 young (83968K), 7 survivors (7168K)
 Metaspace       used 76052K, capacity 78540K, committed 78768K, reserved 323584K
  class space    used 9591K, capacity 10472K, committed 10496K, reserved 253952K
}
Event: 235,294 GC heap after
{Heap after GC invocations=19 (full 0):
 garbage-first heap   total 262144K, used 139161K [0x00000000e0000000, 0x0000000100000000)
  region size 1024K, 8 young (8192K), 8 survivors (8192K)
 Metaspace       used 76052K, capacity 78540K, committed 78768K, reserved 323584K
  class space    used 9591K, capacity 10472K, committed 10496K, reserved 253952K
}
Event: 235,579 GC heap before
{Heap before GC invocations=20 (full 0):
 garbage-first heap   total 262144K, used 216985K [0x00000000e0000000, 0x0000000100000000)
  region size 1024K, 84 young (86016K), 8 survivors (8192K)
 Metaspace       used 76860K, capacity 79386K, committed 79792K, reserved 323584K
  class space    used 9723K, capacity 10626K, committed 10752K, reserved 253952K
}
Event: 235,595 GC heap after
{Heap after GC invocations=21 (full 0):
 garbage-first heap   total 262144K, used 148275K [0x00000000e0000000, 0x0000000100000000)
  region size 1024K, 11 young (11264K), 11 survivors (11264K)
 Metaspace       used 76860K, capacity 79386K, committed 79792K, reserved 323584K
  class space    used 9723K, capacity 10626K, committed 10752K, reserved 253952K
}
Event: 236,025 GC heap before
{Heap before GC invocations=21 (full 0):
 garbage-first heap   total 262144K, used 216883K [0x00000000e0000000, 0x0000000100000000)
  region size 1024K, 78 young (79872K), 11 survivors (11264K)
 Metaspace       used 83347K, capacity 86140K, committed 86448K, reserved 329728K
  class space    used 10544K, capacity 11469K, committed 11520K, reserved 253952K
}
Event: 236,040 GC heap after
{Heap after GC invocations=22 (full 0):
 garbage-first heap   total 262144K, used 153447K [0x00000000e0000000, 0x0000000100000000)
  region size 1024K, 5 young (5120K), 5 survivors (5120K)
 Metaspace       used 83347K, capacity 86140K, committed 86448K, reserved 329728K
  class space    used 10544K, capacity 11469K, committed 11520K, reserved 253952K
}
Event: 236,425 GC heap before
{Heap before GC invocations=23 (full 0):
 garbage-first heap   total 262144K, used 216935K [0x00000000e0000000, 0x0000000100000000)
  region size 1024K, 68 young (69632K), 5 survivors (5120K)
 Metaspace       used 85605K, capacity 88483K, committed 88880K, reserved 331776K
  class space    used 10787K, capacity 11800K, committed 11904K, reserved 253952K
}
Event: 236,434 GC heap after
{Heap after GC invocations=24 (full 0):
 garbage-first heap   total 262144K, used 163448K [0x00000000e0000000, 0x0000000100000000)
  region size 1024K, 9 young (9216K), 9 survivors (9216K)
 Metaspace       used 85605K, capacity 88483K, committed 88880K, reserved 331776K
  class space    used 10787K, capacity 11800K, committed 11904K, reserved 253952K
}
Event: 236,459 GC heap before
{Heap before GC invocations=24 (full 0):
 garbage-first heap   total 262144K, used 166520K [0x00000000e0000000, 0x0000000100000000)
  region size 1024K, 12 young (12288K), 9 survivors (9216K)
 Metaspace       used 85702K, capacity 88550K, committed 88880K, reserved 331776K
  class space    used 10792K, capacity 11801K, committed 11904K, reserved 253952K
}
Event: 236,466 GC heap after
{Heap after GC invocations=25 (full 0):
 garbage-first heap   total 262144K, used 164113K [0x00000000e0000000, 0x0000000100000000)
  region size 1024K, 1 young (1024K), 1 survivors (1024K)
 Metaspace       used 85702K, capacity 88550K, committed 88880K, reserved 331776K
  class space    used 10792K, capacity 11801K, committed 11904K, reserved 253952K
}
Event: 245,648 GC heap before
{Heap before GC invocations=25 (full 0):
 garbage-first heap   total 262144K, used 217361K [0x00000000e0000000, 0x0000000100000000)
  region size 1024K, 53 young (54272K), 1 survivors (1024K)
 Metaspace       used 88327K, capacity 91328K, committed 91568K, reserved 333824K
  class space    used 11102K, capacity 12171K, committed 12288K, reserved 253952K
}
Event: 245,656 GC heap after
{Heap after GC invocations=26 (full 0):
 garbage-first heap   total 262144K, used 165730K [0x00000000e0000000, 0x0000000100000000)
  region size 1024K, 3 young (3072K), 3 survivors (3072K)
 Metaspace       used 88327K, capacity 91328K, committed 91568K, reserved 333824K
  class space    used 11102K, capacity 12171K, committed 12288K, reserved 253952K
}

